This is pdfTeX, Version 3.1415926-1.40.10 (TeX Live 2009/Debian) (format=pdflatex 2012.6.27)  28 JUL 2014 17:03
entering extended mode
 %&-line parsing enabled.
**meta_strategy_model.tex
(./meta_strategy_model.tex
LaTeX2e <2009/09/24>
Babel <v3.8l> and hyphenation patterns for english, usenglishmax, dumylang, noh
yphenation, loaded.
(/usr/share/texmf-texlive/tex/latex/paper/paper.cls
Document Class: paper 2008/05/30 1.0l LaTeX document class (wm).
\hours=\count79
\minutes=\count80
(/usr/share/texmf-texlive/tex/latex/base/size10.clo
File: size10.clo 2007/10/19 v1.4h Standard LaTeX file (size option)
)
\beforetitlespace=\skip41
\c@part=\count81
\c@section=\count82
\c@subsection=\count83
\c@subsubsection=\count84
\c@paragraph=\count85
\c@subparagraph=\count86
\exampleindent=\skip42
\c@figure=\count87
\c@table=\count88
\abovecaptionskip=\skip43
\belowcaptionskip=\skip44
\bibindent=\dimen102
)
(/usr/share/texmf-texlive/tex/latex/base/fontenc.sty
Package: fontenc 2005/09/27 v1.99g Standard LaTeX package

(/usr/share/texmf-texlive/tex/latex/base/t1enc.def
File: t1enc.def 2005/09/27 v1.99g Standard LaTeX file
LaTeX Font Info:    Redeclaring font encoding T1 on input line 43.
))
(/usr/share/texmf-texlive/tex/latex/base/inputenc.sty
Package: inputenc 2008/03/30 v1.1d Input encoding file
\inpenc@prehook=\toks14
\inpenc@posthook=\toks15

(/usr/share/texmf-texlive/tex/latex/base/latin9.def
File: latin9.def 2008/03/30 v1.1d Input encoding file
))
(/usr/share/texmf-texlive/tex/generic/babel/babel.sty
Package: babel 2008/07/06 v3.8l The Babel package

(/usr/share/texmf-texlive/tex/generic/babel/english.ldf
Language: english 2005/03/30 v3.3o English support from the babel system

(/usr/share/texmf-texlive/tex/generic/babel/babel.def
File: babel.def 2008/07/06 v3.8l Babel common definitions
\babel@savecnt=\count89
\U@D=\dimen103
)
\l@british = a dialect from \language\l@english 
\l@UKenglish = a dialect from \language\l@english 
\l@canadian = a dialect from \language\l@american 
\l@australian = a dialect from \language\l@british 
\l@newzealand = a dialect from \language\l@british 
))
(./meta_strategy_model.aux)
\openout1 = `meta_strategy_model.aux'.

LaTeX Font Info:    Checking defaults for OML/cmm/m/it on input line 23.
LaTeX Font Info:    ... okay on input line 23.
LaTeX Font Info:    Checking defaults for T1/cmr/m/n on input line 23.
LaTeX Font Info:    ... okay on input line 23.
LaTeX Font Info:    Checking defaults for OT1/cmr/m/n on input line 23.
LaTeX Font Info:    ... okay on input line 23.
LaTeX Font Info:    Checking defaults for OMS/cmsy/m/n on input line 23.
LaTeX Font Info:    ... okay on input line 23.
LaTeX Font Info:    Checking defaults for OMX/cmex/m/n on input line 23.
LaTeX Font Info:    ... okay on input line 23.
LaTeX Font Info:    Checking defaults for U/cmr/m/n on input line 23.
LaTeX Font Info:    ... okay on input line 23.
LaTeX Font Info:    Try loading font information for T1+cmss on input line 31.
 (/usr/share/texmf-texlive/tex/latex/base/t1cmss.fd
File: t1cmss.fd 1999/05/25 v2.5h Standard LaTeX font definitions
)
LaTeX Font Info:    External font `cmex10' loaded for size
(Font)              <14.4> on input line 31.
LaTeX Font Info:    External font `cmex10' loaded for size
(Font)              <7> on input line 31.
LaTeX Font Info:    External font `cmex10' loaded for size
(Font)              <5> on input line 46.
[1


{/var/lib/texmf/fonts/map/pdftex/updmap/pdftex.map}]
Overfull \hbox (119.15675pt too wide) in paragraph at lines 115--115
[]
 []


Underfull \hbox (badness 10000) in paragraph at lines 115--115

 []


Overfull \hbox (119.54909pt too wide) in alignment at lines 132--141
 [][][] []
 []

[2]
Overfull \hbox (82.27641pt too wide) in paragraph at lines 192--193
[]
 []


Underfull \hbox (badness 10000) in paragraph at lines 192--193

 []

[3]
Overfull \hbox (82.27641pt too wide) in paragraph at lines 216--217
[]
 []


Underfull \hbox (badness 10000) in paragraph at lines 216--217

 []


Overfull \hbox (82.27641pt too wide) in paragraph at lines 240--241
[]
 []


Underfull \hbox (badness 10000) in paragraph at lines 240--241

 []

[4] (./meta_strategy_model.bbl [5]) [6] (./meta_strategy_model.aux) ) 
Here is how much of TeX's memory you used:
 970 strings out of 495061
 10825 string characters out of 1182621
 74827 words of memory out of 3000000
 4188 multiletter control sequences out of 15000+50000
 15278 words of font info for 31 fonts, out of 3000000 for 9000
 28 hyphenation exceptions out of 8191
 25i,8n,18p,187b,286s stack positions out of 5000i,500n,10000p,200000b,50000s
 </home/sa
sha/.texmf-var/fonts/pk/ljfour/jknappen/ec/ecti1000.600pk> </home/sasha/.texmf-
var/fonts/pk/ljfour/jknappen/ec/ecrm0900.600pk> </home/sasha/.texmf-var/fonts/p
k/ljfour/jknappen/ec/ecss0900.600pk> </home/sasha/.texmf-var/fonts/pk/ljfour/jk
nappen/ec/ecbx1000.600pk> </home/sasha/.texmf-var/fonts/pk/ljfour/jknappen/ec/e
crm1000.600pk> </home/sasha/.texmf-var/fonts/pk/ljfour/jknappen/ec/ecsx1200.600
pk> </home/sasha/.texmf-var/fonts/pk/ljfour/jknappen/ec/ecsi1440.600pk> </home/
sasha/.texmf-var/fonts/pk/ljfour/jknappen/ec/ecsx1728.600pk></usr/share/texmf-t
exlive/fonts/type1/public/amsfonts/cm/cmex10.pfb></usr/share/texmf-texlive/font
s/type1/public/amsfonts/cm/cmmi10.pfb></usr/share/texmf-texlive/fonts/type1/pub
lic/amsfonts/cm/cmmi7.pfb></usr/share/texmf-texlive/fonts/type1/public/amsfonts
/cm/cmr10.pfb></usr/share/texmf-texlive/fonts/type1/public/amsfonts/cm/cmr7.pfb
></usr/share/texmf-texlive/fonts/type1/public/amsfonts/cm/cmsy10.pfb></usr/shar
e/texmf-texlive/fonts/type1/public/amsfonts/cm/cmsy7.pfb>
Output written on meta_strategy_model.pdf (6 pages, 147258 bytes).
PDF statistics:
 273 PDF objects out of 1000 (max. 8388607)
 0 named destinations out of 1000 (max. 500000)
 1 words of extra memory for PDF output out of 10000 (max. 10000000)

